{"meta": {"format": 3, "version": "7.13.5", "timestamp": "2026-03-30T17:52:02.172237", "branch_coverage": false, "show_contexts": false}, "files": {"src\\adp_cli\\__init__.py": {"executed_lines": [3], "summary": {"covered_lines": 1, "num_statements": 1, "percent_covered": 100.0, "percent_covered_display": "100", "missing_lines": 0, "excluded_lines": 0, "percent_statements_covered": 100.0, "percent_statements_covered_display": "100"}, "missing_lines": [], "excluded_lines": [], "functions": {"": {"executed_lines": [3], "summary": {"covered_lines": 1, "num_statements": 1, "percent_covered": 100.0, "percent_covered_display": "100", "missing_lines": 0, "excluded_lines": 0, "percent_statements_covered": 100.0, "percent_statements_covered_display": "100"}, "missing_lines": [], "excluded_lines": [], "start_line": 1}}, "classes": {"": {"executed_lines": [3], "summary": {"covered_lines": 1, "num_statements": 1, "percent_covered": 100.0, "percent_covered_display": "100", "missing_lines": 0, "excluded_lines": 0, "percent_statements_covered": 100.0, "percent_statements_covered_display": "100"}, "missing_lines": [], "excluded_lines": [], "start_line": 1}}}, "src\\adp_cli\\_pyinstaller_hooks\\__init__.py": {"executed_lines": [], "summary": {"covered_lines": 0, "num_statements": 0, "percent_covered": 100.0, "percent_covered_display": "100", "missing_lines": 0, "excluded_lines": 0, "percent_statements_covered": 100.0, "percent_statements_covered_display": "100"}, "missing_lines": [], "excluded_lines": [], "functions": {"": {"executed_lines": [], "summary": {"covered_lines": 0, "num_statements": 0, "percent_covered": 100.0, "percent_covered_display": "100", "missing_lines": 0, "excluded_lines": 0, "percent_statements_covered": 100.0, "percent_statements_covered_display": "100"}, "missing_lines": [], "excluded_lines": [], "start_line": 1}}, "classes": {"": {"executed_lines": [], "summary": {"covered_lines": 0, "num_statements": 0, "percent_covered": 100.0, "percent_covered_display": "100", "missing_lines": 0, "excluded_lines": 0, "percent_statements_covered": 100.0, "percent_statements_covered_display": "100"}, "missing_lines": [], "excluded_lines": [], "start_line": 1}}}, "src\\adp_cli\\_pyinstaller_hooks\\hook-pydantic.py": {"executed_lines": [], "summary": {"covered_lines": 0, "num_statements": 3, "percent_covered": 0.0, "percent_covered_display": "0", "missing_lines": 3, "excluded_lines": 0, "percent_statements_covered": 0.0, "percent_statements_covered_display": "0"}, "missing_lines": [2, 5, 9], "excluded_lines": [], "functions": {"": {"executed_lines": [], "summary": {"covered_lines": 0, "num_statements": 3, "percent_covered": 0.0, "percent_covered_display": "0", "missing_lines": 3, "excluded_lines": 0, "percent_statements_covered": 0.0, "percent_statements_covered_display": "0"}, "missing_lines": [2, 5, 9], "excluded_lines": [], "start_line": 1}}, "classes": {"": {"executed_lines": [], "summary": {"covered_lines": 0, "num_statements": 3, "percent_covered": 0.0, "percent_covered_display": "0", "missing_lines": 3, "excluded_lines": 0, "percent_statements_covered": 0.0, "percent_statements_covered_display": "0"}, "missing_lines": [2, 5, 9], "excluded_lines": [], "start_line": 1}}}, "src\\adp_cli\\_pyinstaller_hooks\\hook-pygments.py": {"executed_lines": [], "summary": {"covered_lines": 0, "num_statements": 3, "percent_covered": 0.0, "percent_covered_display": "0", "missing_lines": 3, "excluded_lines": 0, "percent_statements_covered": 0.0, "percent_statements_covered_display": "0"}, "missing_lines": [2, 5, 8], "excluded_lines": [], "functions": {"": {"executed_lines": [], "summary": {"covered_lines": 0, "num_statements": 3, "percent_covered": 0.0, "percent_covered_display": "0", "missing_lines": 3, "excluded_lines": 0, "percent_statements_covered": 0.0, "percent_statements_covered_display": "0"}, "missing_lines": [2, 5, 8], "excluded_lines": [], "start_line": 1}}, "classes": {"": {"executed_lines": [], "summary": {"covered_lines": 0, "num_statements": 3, "percent_covered": 0.0, "percent_covered_display": "0", "missing_lines": 3, "excluded_lines": 0, "percent_statements_covered": 0.0, "percent_statements_covered_display": "0"}, "missing_lines": [2, 5, 8], "excluded_lines": [], "start_line": 1}}}, "src\\adp_cli\\_pyinstaller_hooks\\hook-rich.py": {"executed_lines": [], "summary": {"covered_lines": 0, "num_statements": 3, "percent_covered": 0.0, "percent_covered_display": "0", "missing_lines": 3, "excluded_lines": 0, "percent_statements_covered": 0.0, "percent_statements_covered_display": "0"}, "missing_lines": [2, 5, 8], "excluded_lines": [], "functions": {"": {"executed_lines": [], "summary": {"covered_lines": 0, "num_statements": 3, "percent_covered": 0.0, "percent_covered_display": "0", "missing_lines": 3, "excluded_lines": 0, "percent_statements_covered": 0.0, "percent_statements_covered_display": "0"}, "missing_lines": [2, 5, 8], "excluded_lines": [], "start_line": 1}}, "classes": {"": {"executed_lines": [], "summary": {"covered_lines": 0, "num_statements": 3, "percent_covered": 0.0, "percent_covered_display": "0", "missing_lines": 3, "excluded_lines": 0, "percent_statements_covered": 0.0, "percent_statements_covered_display": "0"}, "missing_lines": [2, 5, 8], "excluded_lines": [], "start_line": 1}}}, "src\\adp_cli\\_pyinstaller_hooks\\rthook_pyi_rth_adp_encodings.py": {"executed_lines": [], "summary": {"covered_lines": 0, "num_statements": 8, "percent_covered": 0.0, "percent_covered_display": "0", "missing_lines": 8, "excluded_lines": 0, "percent_statements_covered": 0.0, "percent_statements_covered_display": "0"}, "missing_lines": [6, 7, 10, 11, 12, 15, 16, 19], "excluded_lines": [], "functions": {"": {"executed_lines": [], "summary": {"covered_lines": 0, "num_statements": 8, "percent_covered": 0.0, "percent_covered_display": "0", "missing_lines": 8, "excluded_lines": 0, "percent_statements_covered": 0.0, "percent_statements_covered_display": "0"}, "missing_lines": [6, 7, 10, 11, 12, 15, 16, 19], "excluded_lines": [], "start_line": 1}}, "classes": {"": {"executed_lines": [], "summary": {"covered_lines": 0, "num_statements": 8, "percent_covered": 0.0, "percent_covered_display": "0", "missing_lines": 8, "excluded_lines": 0, "percent_statements_covered": 0.0, "percent_statements_covered_display": "0"}, "missing_lines": [6, 7, 10, 11, 12, 15, 16, 19], "excluded_lines": [], "start_line": 1}}}, "src\\adp_cli\\adp\\__init__.py": {"executed_lines": [3, 4, 5, 6, 8], "summary": {"covered_lines": 5, "num_statements": 5, "percent_covered": 100.0, "percent_covered_display": "100", "missing_lines": 0, "excluded_lines": 0, "percent_statements_covered": 100.0, "percent_statements_covered_display": "100"}, "missing_lines": [], "excluded_lines": [], "functions": {"": {"executed_lines": [3, 4, 5, 6, 8], "summary": {"covered_lines": 5, "num_statements": 5, "percent_covered": 100.0, "percent_covered_display": "100", "missing_lines": 0, "excluded_lines": 0, "percent_statements_covered": 100.0, "percent_statements_covered_display": "100"}, "missing_lines": [], "excluded_lines": [], "start_line": 1}}, "classes": {"": {"executed_lines": [3, 4, 5, 6, 8], "summary": {"covered_lines": 5, "num_statements": 5, "percent_covered": 100.0, "percent_covered_display": "100", "missing_lines": 0, "excluded_lines": 0, "percent_statements_covered": 100.0, "percent_statements_covered_display": "100"}, "missing_lines": [], "excluded_lines": [], "start_line": 1}}}, "src\\adp_cli\\adp\\api_client.py": {"executed_lines": [3, 4, 5, 6, 7, 8, 9, 10, 11, 12, 14, 17, 20, 21, 22, 23, 24, 27, 30, 37, 38, 40, 42, 44, 51, 53, 54, 56, 61, 77, 78, 80, 81, 82, 83, 84, 85, 88, 98, 100, 101, 103, 113, 114, 118, 129, 134, 135, 137, 139, 140, 142, 153, 154, 155, 157, 162, 163, 165, 168, 169, 170, 171, 173, 183, 184, 186, 187, 189, 190, 195, 214, 220, 221, 223, 225, 226, 228, 229, 231, 250, 256, 257, 259, 261, 262, 264, 265, 266, 267, 269, 279, 280, 282, 283, 285, 286, 291, 300, 301, 302, 303, 304, 305, 310, 311, 316, 317, 324, 342, 344, 345, 346, 347, 349, 350, 351, 352, 354, 356, 358, 365, 367, 368, 369, 370, 374, 397, 398, 400, 406, 407, 409, 410, 413, 414, 415, 417, 419, 421, 436, 437, 439, 440, 441, 443, 445, 456, 459, 460, 461, 462, 463, 464, 472, 482, 483, 485, 486, 488, 503, 504, 506, 510, 512, 532, 533, 535, 536, 538, 539, 540, 541, 542, 544, 546, 556, 557, 558], "summary": {"covered_lines": 179, "num_statements": 188, "percent_covered": 95.2127659574468, "percent_covered_display": "95", "missing_lines": 9, "excluded_lines": 0, "percent_statements_covered": 95.2127659574468, "percent_statements_covered_display": "95"}, "missing_lines": [191, 287, 318, 320, 465, 466, 467, 468, 470], "excluded_lines": [], "functions": {"APIClient.__init__": {"executed_lines": [37, 38], "summary": {"covered_lines": 2, "num_statements": 2, "percent_covered": 100.0, "percent_covered_display": "100", "missing_lines": 0, "excluded_lines": 0, "percent_statements_covered": 100.0, "percent_statements_covered_display": "100"}, "missing_lines": [], "excluded_lines": [], "start_line": 30}, "APIClient._get_api_base_url": {"executed_lines": [42], "summary": {"covered_lines": 1, "num_statements": 1, "percent_covered": 100.0, "percent_covered_display": "100", "missing_lines": 0, "excluded_lines": 0, "percent_statements_covered": 100.0, "percent_statements_covered_display": "100"}, "missing_lines": [], "excluded_lines": [], "start_line": 40}, "APIClient._get_headers": {"executed_lines": [51, 53, 54, 56], "summary": {"covered_lines": 4, "num_statements": 4, "percent_covered": 100.0, "percent_covered_display": "100", "missing_lines": 0, "excluded_lines": 0, "percent_statements_covered": 100.0, "percent_statements_covered_display": "100"}, "missing_lines": [], "excluded_lines": [], "start_line": 44}, "APIClient._request": {"executed_lines": [77, 78, 80, 81, 82, 83, 84, 85], "summary": {"covered_lines": 8, "num_statements": 8, "percent_covered": 100.0, "percent_covered_display": "100", "missing_lines": 0, "excluded_lines": 0, "percent_statements_covered": 100.0, "percent_statements_covered_display": "100"}, "missing_lines": [], "excluded_lines": [], "start_line": 61}, "APIClient._encode_file_to_base64": {"executed_lines": [98, 100, 101], "summary": {"covered_lines": 3, "num_statements": 3, "percent_covered": 100.0, "percent_covered_display": "100", "missing_lines": 0, "excluded_lines": 0, "percent_statements_covered": 100.0, "percent_statements_covered_display": "100"}, "missing_lines": [], "excluded_lines": [], "start_line": 88}, "APIClient._get_mime_type": {"executed_lines": [113, 114], "summary": {"covered_lines": 2, "num_statements": 2, "percent_covered": 100.0, "percent_covered_display": "100", "missing_lines": 0, "excluded_lines": 0, "percent_statements_covered": 100.0, "percent_statements_covered_display": "100"}, "missing_lines": [], "excluded_lines": [], "start_line": 103}, "APIClient.parse_sync": {"executed_lines": [129, 134, 135, 137, 139, 140], "summary": {"covered_lines": 6, "num_statements": 6, "percent_covered": 100.0, "percent_covered_display": "100", "missing_lines": 0, "excluded_lines": 0, "percent_statements_covered": 100.0, "percent_statements_covered_display": "100"}, "missing_lines": [], "excluded_lines": [], "start_line": 118}, "APIClient.parse_async": {"executed_lines": [153, 154, 155, 157, 162, 163, 165, 168, 169, 170, 171], "summary": {"covered_lines": 11, "num_statements": 11, "percent_covered": 100.0, "percent_covered_display": "100", "missing_lines": 0, "excluded_lines": 0, "percent_statements_covered": 100.0, "percent_statements_covered_display": "100"}, "missing_lines": [], "excluded_lines": [], "start_line": 142}, "APIClient.query_parse_task": {"executed_lines": [183, 184, 186, 187, 189, 190], "summary": {"covered_lines": 6, "num_statements": 7, "percent_covered": 85.71428571428571, "percent_covered_display": "86", "missing_lines": 1, "excluded_lines": 0, "percent_statements_covered": 85.71428571428571, "percent_statements_covered_display": "86"}, "missing_lines": [191], "excluded_lines": [], "start_line": 173}, "APIClient.extract_sync": {"executed_lines": [214, 220, 221, 223, 225, 226, 228, 229], "summary": {"covered_lines": 8, "num_statements": 8, "percent_covered": 100.0, "percent_covered_display": "100", "missing_lines": 0, "excluded_lines": 0, "percent_statements_covered": 100.0, "percent_statements_covered_display": "100"}, "missing_lines": [], "excluded_lines": [], "start_line": 195}, "APIClient.extract_async": {"executed_lines": [250, 256, 257, 259, 261, 262, 264, 265, 266, 267], "summary": {"covered_lines": 10, "num_statements": 10, "percent_covered": 100.0, "percent_covered_display": "100", "missing_lines": 0, "excluded_lines": 0, "percent_statements_covered": 100.0, "percent_statements_covered_display": "100"}, "missing_lines": [], "excluded_lines": [], "start_line": 231}, "APIClient.query_extract_task": {"executed_lines": [279, 280, 282, 283, 285, 286], "summary": {"covered_lines": 6, "num_statements": 7, "percent_covered": 85.71428571428571, "percent_covered_display": "86", "missing_lines": 1, "excluded_lines": 0, "percent_statements_covered": 85.71428571428571, "percent_statements_covered_display": "86"}, "missing_lines": [287], "excluded_lines": [], "start_line": 269}, "APIClient.list_apps": {"executed_lines": [300, 301, 302, 303, 304, 305, 310, 311, 316, 317], "summary": {"covered_lines": 10, "num_statements": 12, "percent_covered": 83.33333333333333, "percent_covered_display": "83", "missing_lines": 2, "excluded_lines": 0, "percent_statements_covered": 83.33333333333333, "percent_statements_covered_display": "83"}, "missing_lines": [318, 320], "excluded_lines": [], "start_line": 291}, "APIClient.wait_for_task": {"executed_lines": [342, 344, 345, 346, 347, 349, 350, 351, 352, 354, 356], "summary": {"covered_lines": 11, "num_statements": 11, "percent_covered": 100.0, "percent_covered_display": "100", "missing_lines": 0, "excluded_lines": 0, "percent_statements_covered": 100.0, "percent_statements_covered_display": "100"}, "missing_lines": [], "excluded_lines": [], "start_line": 324}, "APIClient.health_check": {"executed_lines": [365, 367, 368, 369, 370], "summary": {"covered_lines": 5, "num_statements": 5, "percent_covered": 100.0, "percent_covered_display": "100", "missing_lines": 0, "excluded_lines": 0, "percent_statements_covered": 100.0, "percent_statements_covered_display": "100"}, "missing_lines": [], "excluded_lines": [], "start_line": 358}, "APIClient.create_custom_app": {"executed_lines": [397, 398, 400, 406, 407, 409, 410, 413, 414, 415, 417, 419], "summary": {"covered_lines": 12, "num_statements": 12, "percent_covered": 100.0, "percent_covered_display": "100", "missing_lines": 0, "excluded_lines": 0, "percent_statements_covered": 100.0, "percent_statements_covered_display": "100"}, "missing_lines": [], "excluded_lines": [], "start_line": 374}, "APIClient.get_custom_app_config": {"executed_lines": [436, 437, 439, 440, 441, 443], "summary": {"covered_lines": 6, "num_statements": 6, "percent_covered": 100.0, "percent_covered_display": "100", "missing_lines": 0, "excluded_lines": 0, "percent_statements_covered": 100.0, "percent_statements_covered_display": "100"}, "missing_lines": [], "excluded_lines": [], "start_line": 421}, "APIClient.list_custom_app_versions": {"executed_lines": [456, 459, 460, 461, 462, 463, 464], "summary": {"covered_lines": 7, "num_statements": 12, "percent_covered": 58.333333333333336, "percent_covered_display": "58", "missing_lines": 5, "excluded_lines": 0, "percent_statements_covered": 58.333333333333336, "percent_statements_covered_display": "58"}, "missing_lines": [465, 466, 467, 468, 470], "excluded_lines": [], "start_line": 445}, "APIClient.delete_custom_app": {"executed_lines": [482, 483, 485, 486], "summary": {"covered_lines": 4, "num_statements": 4, "percent_covered": 100.0, "percent_covered_display": "100", "missing_lines": 0, "excluded_lines": 0, "percent_statements_covered": 100.0, "percent_statements_covered_display": "100"}, "missing_lines": [], "excluded_lines": [], "start_line": 472}, "APIClient.delete_custom_app_version": {"executed_lines": [503, 504, 506, 510], "summary": {"covered_lines": 4, "num_statements": 4, "percent_covered": 100.0, "percent_covered_display": "100", "missing_lines": 0, "excluded_lines": 0, "percent_statements_covered": 100.0, "percent_statements_covered_display": "100"}, "missing_lines": [], "excluded_lines": [], "start_line": 488}, "APIClient.ai_generate_fields": {"executed_lines": [532, 533, 535, 536, 538, 539, 540, 541, 542, 544], "summary": {"covered_lines": 10, "num_statements": 10, "percent_covered": 100.0, "percent_covered_display": "100", "missing_lines": 0, "excluded_lines": 0, "percent_statements_covered": 100.0, "percent_statements_covered_display": "100"}, "missing_lines": [], "excluded_lines": [], "start_line": 512}, "APIClient.get_user_payment_status": {"executed_lines": [556, 557, 558], "summary": {"covered_lines": 3, "num_statements": 3, "percent_covered": 100.0, "percent_covered_display": "100", "missing_lines": 0, "excluded_lines": 0, "percent_statements_covered": 100.0, "percent_statements_covered_display": "100"}, "missing_lines": [], "excluded_lines": [], "start_line": 546}, "": {"executed_lines": [3, 4, 5, 6, 7, 8, 9, 10, 11, 12, 14, 17, 20, 21, 22, 23, 24, 27, 30, 40, 44, 61, 88, 103, 118, 142, 173, 195, 231, 269, 291, 324, 358, 374, 421, 445, 472, 488, 512, 546], "summary": {"covered_lines": 40, "num_statements": 40, "percent_covered": 100.0, "percent_covered_display": "100", "missing_lines": 0, "excluded_lines": 0, "percent_statements_covered": 100.0, "percent_statements_covered_display": "100"}, "missing_lines": [], "excluded_lines": [], "start_line": 1}}, "classes": {"TaskStatus": {"executed_lines": [], "summary": {"covered_lines": 0, "num_statements": 0, "percent_covered": 100.0, "percent_covered_display": "100", "missing_lines": 0, "excluded_lines": 0, "percent_statements_covered": 100.0, "percent_statements_covered_display": "100"}, "missing_lines": [], "excluded_lines": [], "start_line": 17}, "APIClient": {"executed_lines": [37, 38, 42, 51, 53, 54, 56, 77, 78, 80, 81, 82, 83, 84, 85, 98, 100, 101, 113, 114, 129, 134, 135, 137, 139, 140, 153, 154, 155, 157, 162, 163, 165, 168, 169, 170, 171, 183, 184, 186, 187, 189, 190, 214, 220, 221, 223, 225, 226, 228, 229, 250, 256, 257, 259, 261, 262, 264, 265, 266, 267, 279, 280, 282, 283, 285, 286, 300, 301, 302, 303, 304, 305, 310, 311, 316, 317, 342, 344, 345, 346, 347, 349, 350, 351, 352, 354, 356, 365, 367, 368, 369, 370, 397, 398, 400, 406, 407, 409, 410, 413, 414, 415, 417, 419, 436, 437, 439, 440, 441, 443, 456, 459, 460, 461, 462, 463, 464, 482, 483, 485, 486, 503, 504, 506, 510, 532, 533, 535, 536, 538, 539, 540, 541, 542, 544, 556, 557, 558], "summary": {"covered_lines": 139, "num_statements": 148, "percent_covered": 93.91891891891892, "percent_covered_display": "94", "missing_lines": 9, "excluded_lines": 0, "percent_statements_covered": 93.91891891891892, "percent_statements_covered_display": "94"}, "missing_lines": [191, 287, 318, 320, 465, 466, 467, 468, 470], "excluded_lines": [], "start_line": 27}, "": {"executed_lines": [3, 4, 5, 6, 7, 8, 9, 10, 11, 12, 14, 17, 20, 21, 22, 23, 24, 27, 30, 40, 44, 61, 88, 103, 118, 142, 173, 195, 231, 269, 291, 324, 358, 374, 421, 445, 472, 488, 512, 546], "summary": {"covered_lines": 40, "num_statements": 40, "percent_covered": 100.0, "percent_covered_display": "100", "missing_lines": 0, "excluded_lines": 0, "percent_statements_covered": 100.0, "percent_statements_covered_display": "100"}, "missing_lines": [], "excluded_lines": [], "start_line": 1}}}, "src\\adp_cli\\adp\\config.py": {"executed_lines": [3, 4, 5, 6, 7, 8, 11, 14, 15, 16, 18, 20, 22, 24, 26, 28, 30, 31, 33, 34, 36, 43, 44, 45, 46, 47, 49, 56, 57, 58, 60, 61, 62, 63, 64, 68, 75, 76, 77, 78, 79, 80, 82, 90, 91, 92, 94, 105, 106, 108, 110, 111, 112, 113, 114, 118, 120, 121, 123, 125, 126, 127, 128, 130, 132, 133, 134, 136, 138, 139, 144], "summary": {"covered_lines": 71, "num_statements": 75, "percent_covered": 94.66666666666667, "percent_covered_display": "95", "missing_lines": 4, "excluded_lines": 0, "percent_statements_covered": 94.66666666666667, "percent_statements_covered_display": "95"}, "missing_lines": [65, 66, 115, 116], "excluded_lines": [], "functions": {"ConfigManager.__init__": {"executed_lines": [20], "summary": {"covered_lines": 1, "num_statements": 1, "percent_covered": 100.0, "percent_covered_display": "100", "missing_lines": 0, "excluded_lines": 0, "percent_statements_covered": 100.0, "percent_statements_covered_display": "100"}, "missing_lines": [], "excluded_lines": [], "start_line": 18}, "ConfigManager._ensure_config_dir": {"executed_lines": [24], "summary": {"covered_lines": 1, "num_statements": 1, "percent_covered": 100.0, "percent_covered_display": "100", "missing_lines": 0, "excluded_lines": 0, "percent_statements_covered": 100.0, "percent_statements_covered_display": "100"}, "missing_lines": [], "excluded_lines": [], "start_line": 22}, "ConfigManager._get_cipher": {"executed_lines": [28, 30, 31, 33, 34], "summary": {"covered_lines": 5, "num_statements": 5, "percent_covered": 100.0, "percent_covered_display": "100", "missing_lines": 0, "excluded_lines": 0, "percent_statements_covered": 100.0, "percent_statements_covered_display": "100"}, "missing_lines": [], "excluded_lines": [], "start_line": 26}, "ConfigManager.set_api_key": {"executed_lines": [43, 44, 45, 46, 47], "summary": {"covered_lines": 5, "num_statements": 5, "percent_covered": 100.0, "percent_covered_display": "100", "missing_lines": 0, "excluded_lines": 0, "percent_statements_covered": 100.0, "percent_statements_covered_display": "100"}, "missing_lines": [], "excluded_lines": [], "start_line": 36}, "ConfigManager.get_api_key": {"executed_lines": [56, 57, 58, 60, 61, 62, 63, 64], "summary": {"covered_lines": 8, "num_statements": 10, "percent_covered": 80.0, "percent_covered_display": "80", "missing_lines": 2, "excluded_lines": 0, "percent_statements_covered": 80.0, "percent_statements_covered_display": "80"}, "missing_lines": [65, 66], "excluded_lines": [], "start_line": 49}, "ConfigManager.get_api_key_masked": {"executed_lines": [75, 76, 77, 78, 79, 80], "summary": {"covered_lines": 6, "num_statements": 6, "percent_covered": 100.0, "percent_covered_display": "100", "missing_lines": 0, "excluded_lines": 0, "percent_statements_covered": 100.0, "percent_statements_covered_display": "100"}, "missing_lines": [], "excluded_lines": [], "start_line": 68}, "ConfigManager.set": {"executed_lines": [90, 91, 92], "summary": {"covered_lines": 3, "num_statements": 3, "percent_covered": 100.0, "percent_covered_display": "100", "missing_lines": 0, "excluded_lines": 0, "percent_statements_covered": 100.0, "percent_statements_covered_display": "100"}, "missing_lines": [], "excluded_lines": [], "start_line": 82}, "ConfigManager.get": {"executed_lines": [105, 106], "summary": {"covered_lines": 2, "num_statements": 2, "percent_covered": 100.0, "percent_covered_display": "100", "missing_lines": 0, "excluded_lines": 0, "percent_statements_covered": 100.0, "percent_statements_covered_display": "100"}, "missing_lines": [], "excluded_lines": [], "start_line": 94}, "ConfigManager._load_config": {"executed_lines": [110, 111, 112, 113, 114], "summary": {"covered_lines": 5, "num_statements": 7, "percent_covered": 71.42857142857143, "percent_covered_display": "71", "missing_lines": 2, "excluded_lines": 0, "percent_statements_covered": 71.42857142857143, "percent_statements_covered_display": "71"}, "missing_lines": [115, 116], "excluded_lines": [], "start_line": 108}, "ConfigManager._save_config": {"executed_lines": [120, 121], "summary": {"covered_lines": 2, "num_statements": 2, "percent_covered": 100.0, "percent_covered_display": "100", "missing_lines": 0, "excluded_lines": 0, "percent_statements_covered": 100.0, "percent_statements_covered_display": "100"}, "missing_lines": [], "excluded_lines": [], "start_line": 118}, "ConfigManager.clear": {"executed_lines": [125, 126, 127, 128], "summary": {"covered_lines": 4, "num_statements": 4, "percent_covered": 100.0, "percent_covered_display": "100", "missing_lines": 0, "excluded_lines": 0, "percent_statements_covered": 100.0, "percent_statements_covered_display": "100"}, "missing_lines": [], "excluded_lines": [], "start_line": 123}, "ConfigManager.is_configured": {"executed_lines": [132, 133, 134], "summary": {"covered_lines": 3, "num_statements": 3, "percent_covered": 100.0, "percent_covered_display": "100", "missing_lines": 0, "excluded_lines": 0, "percent_statements_covered": 100.0, "percent_statements_covered_display": "100"}, "missing_lines": [], "excluded_lines": [], "start_line": 130}, "ConfigManager.get_config_summary": {"executed_lines": [138, 139, 144], "summary": {"covered_lines": 3, "num_statements": 3, "percent_covered": 100.0, "percent_covered_display": "100", "missing_lines": 0, "excluded_lines": 0, "percent_statements_covered": 100.0, "percent_statements_covered_display": "100"}, "missing_lines": [], "excluded_lines": [], "start_line": 136}, "": {"executed_lines": [3, 4, 5, 6, 7, 8, 11, 14, 15, 16, 18, 22, 26, 36, 49, 68, 82, 94, 108, 118, 123, 130, 136], "summary": {"covered_lines": 23, "num_statements": 23, "percent_covered": 100.0, "percent_covered_display": "100", "missing_lines": 0, "excluded_lines": 0, "percent_statements_covered": 100.0, "percent_statements_covered_display": "100"}, "missing_lines": [], "excluded_lines": [], "start_line": 1}}, "classes": {"ConfigManager": {"executed_lines": [20, 24, 28, 30, 31, 33, 34, 43, 44, 45, 46, 47, 56, 57, 58, 60, 61, 62, 63, 64, 75, 76, 77, 78, 79, 80, 90, 91, 92, 105, 106, 110, 111, 112, 113, 114, 120, 121, 125, 126, 127, 128, 132, 133, 134, 138, 139, 144], "summary": {"covered_lines": 48, "num_statements": 52, "percent_covered": 92.3076923076923, "percent_covered_display": "92", "missing_lines": 4, "excluded_lines": 0, "percent_statements_covered": 92.3076923076923, "percent_statements_covered_display": "92"}, "missing_lines": [65, 66, 115, 116], "excluded_lines": [], "start_line": 11}, "": {"executed_lines": [3, 4, 5, 6, 7, 8, 11, 14, 15, 16, 18, 22, 26, 36, 49, 68, 82, 94, 108, 118, 123, 130, 136], "summary": {"covered_lines": 23, "num_statements": 23, "percent_covered": 100.0, "percent_covered_display": "100", "missing_lines": 0, "excluded_lines": 0, "percent_statements_covered": 100.0, "percent_statements_covered_display": "100"}, "missing_lines": [], "excluded_lines": [], "start_line": 1}}}, "src\\adp_cli\\adp\\file_handler.py": {"executed_lines": [3, 4, 5, 6, 7, 10, 14, 22, 24, 25, 35, 37, 38, 48, 50, 51, 61, 62, 64, 65, 67, 68, 69, 71, 72, 73, 75, 77, 78, 88, 89, 91, 92, 94, 95, 96, 97, 98, 99, 103, 104, 114, 115, 117, 118, 119, 120, 122, 124, 126, 127, 137, 138, 140, 141, 142, 143, 144, 145, 147, 149, 150, 158, 160, 161, 163, 164, 174, 175, 177, 178, 188, 189, 190, 192, 193, 194, 196, 198, 199, 214, 215], "summary": {"covered_lines": 82, "num_statements": 83, "percent_covered": 98.79518072289157, "percent_covered_display": "99", "missing_lines": 1, "excluded_lines": 0, "percent_statements_covered": 98.79518072289157, "percent_statements_covered_display": "99"}, "missing_lines": [101], "excluded_lines": [], "functions": {"FileHandler.is_supported_file": {"executed_lines": [35], "summary": {"covered_lines": 1, "num_statements": 1, "percent_covered": 100.0, "percent_covered_display": "100", "missing_lines": 0, "excluded_lines": 0, "percent_statements_covered": 100.0, "percent_statements_covered_display": "100"}, "missing_lines": [], "excluded_lines": [], "start_line": 25}, "FileHandler.is_valid_size": {"executed_lines": [48], "summary": {"covered_lines": 1, "num_statements": 1, "percent_covered": 100.0, "percent_covered_display": "100", "missing_lines": 0, "excluded_lines": 0, "percent_statements_covered": 100.0, "percent_statements_covered_display": "100"}, "missing_lines": [], "excluded_lines": [], "start_line": 38}, "FileHandler.validate_file": {"executed_lines": [61, 62, 64, 65, 67, 68, 69, 71, 72, 73, 75], "summary": {"covered_lines": 11, "num_statements": 11, "percent_covered": 100.0, "percent_covered_display": "100", "missing_lines": 0, "excluded_lines": 0, "percent_statements_covered": 100.0, "percent_statements_covered_display": "100"}, "missing_lines": [], "excluded_lines": [], "start_line": 51}, "FileHandler.get_files_from_path": {"executed_lines": [88, 89, 91, 92, 94, 95, 96, 97, 98, 99], "summary": {"covered_lines": 10, "num_statements": 11, "percent_covered": 90.9090909090909, "percent_covered_display": "91", "missing_lines": 1, "excluded_lines": 0, "percent_statements_covered": 90.9090909090909, "percent_statements_covered_display": "91"}, "missing_lines": [101], "excluded_lines": [], "start_line": 78}, "FileHandler.validate_files": {"executed_lines": [114, 115, 117, 118, 119, 120, 122, 124], "summary": {"covered_lines": 8, "num_statements": 8, "percent_covered": 100.0, "percent_covered_display": "100", "missing_lines": 0, "excluded_lines": 0, "percent_statements_covered": 100.0, "percent_statements_covered_display": "100"}, "missing_lines": [], "excluded_lines": [], "start_line": 104}, "FileHandler.read_url_list_file": {"executed_lines": [137, 138, 140, 141, 142, 143, 144, 145, 147], "summary": {"covered_lines": 9, "num_statements": 9, "percent_covered": 100.0, "percent_covered_display": "100", "missing_lines": 0, "excluded_lines": 0, "percent_statements_covered": 100.0, "percent_statements_covered_display": "100"}, "missing_lines": [], "excluded_lines": [], "start_line": 127}, "FileHandler.write_json_output": {"executed_lines": [158, 160, 161], "summary": {"covered_lines": 3, "num_statements": 3, "percent_covered": 100.0, "percent_covered_display": "100", "missing_lines": 0, "excluded_lines": 0, "percent_statements_covered": 100.0, "percent_statements_covered_display": "100"}, "missing_lines": [], "excluded_lines": [], "start_line": 150}, "FileHandler.get_mime_type": {"executed_lines": [174, 175], "summary": {"covered_lines": 2, "num_statements": 2, "percent_covered": 100.0, "percent_covered_display": "100", "missing_lines": 0, "excluded_lines": 0, "percent_statements_covered": 100.0, "percent_statements_covered_display": "100"}, "missing_lines": [], "excluded_lines": [], "start_line": 164}, "FileHandler.format_file_size": {"executed_lines": [188, 189, 190, 192, 193, 194, 196], "summary": {"covered_lines": 7, "num_statements": 7, "percent_covered": 100.0, "percent_covered_display": "100", "missing_lines": 0, "excluded_lines": 0, "percent_statements_covered": 100.0, "percent_statements_covered_display": "100"}, "missing_lines": [], "excluded_lines": [], "start_line": 178}, "FileHandler.batch_process": {"executed_lines": [214, 215], "summary": {"covered_lines": 2, "num_statements": 2, "percent_covered": 100.0, "percent_covered_display": "100", "missing_lines": 0, "excluded_lines": 0, "percent_statements_covered": 100.0, "percent_statements_covered_display": "100"}, "missing_lines": [], "excluded_lines": [], "start_line": 199}, "": {"executed_lines": [3, 4, 5, 6, 7, 10, 14, 22, 24, 25, 37, 38, 50, 51, 77, 78, 103, 104, 126, 127, 149, 150, 163, 164, 177, 178, 198, 199], "summary": {"covered_lines": 28, "num_statements": 28, "percent_covered": 100.0, "percent_covered_display": "100", "missing_lines": 0, "excluded_lines": 0, "percent_statements_covered": 100.0, "percent_statements_covered_display": "100"}, "missing_lines": [], "excluded_lines": [], "start_line": 1}}, "classes": {"FileHandler": {"executed_lines": [35, 48, 61, 62, 64, 65, 67, 68, 69, 71, 72, 73, 75, 88, 89, 91, 92, 94, 95, 96, 97, 98, 99, 114, 115, 117, 118, 119, 120, 122, 124, 137, 138, 140, 141, 142, 143, 144, 145, 147, 158, 160, 161, 174, 175, 188, 189, 190, 192, 193, 194, 196, 214, 215], "summary": {"covered_lines": 54, "num_statements": 55, "percent_covered": 98.18181818181819, "percent_covered_display": "98", "missing_lines": 1, "excluded_lines": 0, "percent_statements_covered": 98.18181818181819, "percent_statements_covered_display": "98"}, "missing_lines": [101], "excluded_lines": [], "start_line": 10}, "": {"executed_lines": [3, 4, 5, 6, 7, 10, 14, 22, 24, 25, 37, 38, 50, 51, 77, 78, 103, 104, 126, 127, 149, 150, 163, 164, 177, 178, 198, 199], "summary": {"covered_lines": 28, "num_statements": 28, "percent_covered": 100.0, "percent_covered_display": "100", "missing_lines": 0, "excluded_lines": 0, "percent_statements_covered": 100.0, "percent_statements_covered_display": "100"}, "missing_lines": [], "excluded_lines": [], "start_line": 1}}}, "src\\adp_cli\\adp\\output_formatter.py": {"executed_lines": [3, 4, 5, 6, 7, 8, 9, 12, 15, 22, 23, 24, 25, 33, 35, 37, 39, 41, 49, 50, 51, 53, 55, 57, 59, 61, 63, 65, 67, 69, 71, 78, 80, 83, 84, 85, 87, 96, 98, 99, 101, 102, 104, 106, 115, 116, 118, 127, 128, 130, 131, 132, 134, 142, 143, 144, 146, 147, 149, 151, 152, 153, 154, 156, 158, 160, 167, 168, 169, 171, 172, 174, 176, 185, 186, 188, 189, 191, 193, 200, 201, 202, 204, 205], "summary": {"covered_lines": 84, "num_statements": 88, "percent_covered": 95.45454545454545, "percent_covered_display": "95", "missing_lines": 4, "excluded_lines": 0, "percent_statements_covered": 95.45454545454545, "percent_statements_covered_display": "95"}, "missing_lines": [216, 217, 218, 220], "excluded_lines": [], "functions": {"OutputFormatter.__init__": {"executed_lines": [22, 23, 24, 25], "summary": {"covered_lines": 4, "num_statements": 4, "percent_covered": 100.0, "percent_covered_display": "100", "missing_lines": 0, "excluded_lines": 0, "percent_statements_covered": 100.0, "percent_statements_covered_display": "100"}, "missing_lines": [], "excluded_lines": [], "start_line": 15}, "OutputFormatter.set_json_mode": {"executed_lines": [35], "summary": {"covered_lines": 1, "num_statements": 1, "percent_covered": 100.0, "percent_covered_display": "100", "missing_lines": 0, "excluded_lines": 0, "percent_statements_covered": 100.0, "percent_statements_covered_display": "100"}, "missing_lines": [], "excluded_lines": [], "start_line": 33}, "OutputFormatter.set_quiet_mode": {"executed_lines": [39], "summary": {"covered_lines": 1, "num_statements": 1, "percent_covered": 100.0, "percent_covered_display": "100", "missing_lines": 0, "excluded_lines": 0, "percent_statements_covered": 100.0, "percent_statements_covered_display": "100"}, "missing_lines": [], "excluded_lines": [], "start_line": 37}, "OutputFormatter.print": {"executed_lines": [49, 50, 51, 53], "summary": {"covered_lines": 4, "num_statements": 4, "percent_covered": 100.0, "percent_covered_display": "100", "missing_lines": 0, "excluded_lines": 0, "percent_statements_covered": 100.0, "percent_statements_covered_display": "100"}, "missing_lines": [], "excluded_lines": [], "start_line": 41}, "OutputFormatter.print_success": {"executed_lines": [57], "summary": {"covered_lines": 1, "num_statements": 1, "percent_covered": 100.0, "percent_covered_display": "100", "missing_lines": 0, "excluded_lines": 0, "percent_statements_covered": 100.0, "percent_statements_covered_display": "100"}, "missing_lines": [], "excluded_lines": [], "start_line": 55}, "OutputFormatter.print_error": {"executed_lines": [61], "summary": {"covered_lines": 1, "num_statements": 1, "percent_covered": 100.0, "percent_covered_display": "100", "missing_lines": 0, "excluded_lines": 0, "percent_statements_covered": 100.0, "percent_statements_covered_display": "100"}, "missing_lines": [], "excluded_lines": [], "start_line": 59}, "OutputFormatter.print_warning": {"executed_lines": [65], "summary": {"covered_lines": 1, "num_statements": 1, "percent_covered": 100.0, "percent_covered_display": "100", "missing_lines": 0, "excluded_lines": 0, "percent_statements_covered": 100.0, "percent_statements_covered_display": "100"}, "missing_lines": [], "excluded_lines": [], "start_line": 63}, "OutputFormatter.print_info": {"executed_lines": [69], "summary": {"covered_lines": 1, "num_statements": 1, "percent_covered": 100.0, "percent_covered_display": "100", "missing_lines": 0, "excluded_lines": 0, "percent_statements_covered": 100.0, "percent_statements_covered_display": "100"}, "missing_lines": [], "excluded_lines": [], "start_line": 67}, "OutputFormatter.print_json": {"executed_lines": [78, 80, 83, 84, 85], "summary": {"covered_lines": 5, "num_statements": 5, "percent_covered": 100.0, "percent_covered_display": "100", "missing_lines": 0, "excluded_lines": 0, "percent_statements_covered": 100.0, "percent_statements_covered_display": "100"}, "missing_lines": [], "excluded_lines": [], "start_line": 71}, "OutputFormatter.print_table": {"executed_lines": [96, 98, 99, 101, 102, 104], "summary": {"covered_lines": 6, "num_statements": 6, "percent_covered": 100.0, "percent_covered_display": "100", "missing_lines": 0, "excluded_lines": 0, "percent_statements_covered": 100.0, "percent_statements_covered_display": "100"}, "missing_lines": [], "excluded_lines": [], "start_line": 87}, "OutputFormatter.print_panel": {"executed_lines": [115, 116], "summary": {"covered_lines": 2, "num_statements": 2, "percent_covered": 100.0, "percent_covered_display": "100", "missing_lines": 0, "excluded_lines": 0, "percent_statements_covered": 100.0, "percent_statements_covered_display": "100"}, "missing_lines": [], "excluded_lines": [], "start_line": 106}, "OutputFormatter.print_task_result": {"executed_lines": [127, 128, 130, 131, 132], "summary": {"covered_lines": 5, "num_statements": 5, "percent_covered": 100.0, "percent_covered_display": "100", "missing_lines": 0, "excluded_lines": 0, "percent_statements_covered": 100.0, "percent_statements_covered_display": "100"}, "missing_lines": [], "excluded_lines": [], "start_line": 118}, "OutputFormatter.print_file_list": {"executed_lines": [142, 143, 144, 146, 147, 149, 151, 152, 153, 154, 156, 158], "summary": {"covered_lines": 12, "num_statements": 12, "percent_covered": 100.0, "percent_covered_display": "100", "missing_lines": 0, "excluded_lines": 0, "percent_statements_covered": 100.0, "percent_statements_covered_display": "100"}, "missing_lines": [], "excluded_lines": [], "start_line": 134}, "OutputFormatter.print_config_summary": {"executed_lines": [167, 168, 169, 171, 172, 174], "summary": {"covered_lines": 6, "num_statements": 6, "percent_covered": 100.0, "percent_covered_display": "100", "missing_lines": 0, "excluded_lines": 0, "percent_statements_covered": 100.0, "percent_statements_covered_display": "100"}, "missing_lines": [], "excluded_lines": [], "start_line": 160}, "OutputFormatter.print_progress": {"executed_lines": [185, 186, 188, 189, 191], "summary": {"covered_lines": 5, "num_statements": 5, "percent_covered": 100.0, "percent_covered_display": "100", "missing_lines": 0, "excluded_lines": 0, "percent_statements_covered": 100.0, "percent_statements_covered_display": "100"}, "missing_lines": [], "excluded_lines": [], "start_line": 176}, "OutputFormatter.print_section": {"executed_lines": [200, 201, 202], "summary": {"covered_lines": 3, "num_statements": 3, "percent_covered": 100.0, "percent_covered_display": "100", "missing_lines": 0, "excluded_lines": 0, "percent_statements_covered": 100.0, "percent_statements_covered_display": "100"}, "missing_lines": [], "excluded_lines": [], "start_line": 193}, "OutputFormatter.print_results": {"executed_lines": [], "summary": {"covered_lines": 0, "num_statements": 4, "percent_covered": 0.0, "percent_covered_display": "0", "missing_lines": 4, "excluded_lines": 0, "percent_statements_covered": 0.0, "percent_statements_covered_display": "0"}, "missing_lines": [216, 217, 218, 220], "excluded_lines": [], "start_line": 205}, "": {"executed_lines": [3, 4, 5, 6, 7, 8, 9, 12, 15, 33, 37, 41, 55, 59, 63, 67, 71, 87, 106, 118, 134, 160, 176, 193, 204, 205], "summary": {"covered_lines": 26, "num_statements": 26, "percent_covered": 100.0, "percent_covered_display": "100", "missing_lines": 0, "excluded_lines": 0, "percent_statements_covered": 100.0, "percent_statements_covered_display": "100"}, "missing_lines": [], "excluded_lines": [], "start_line": 1}}, "classes": {"OutputFormatter": {"executed_lines": [22, 23, 24, 25, 35, 39, 49, 50, 51, 53, 57, 61, 65, 69, 78, 80, 83, 84, 85, 96, 98, 99, 101, 102, 104, 115, 116, 127, 128, 130, 131, 132, 142, 143, 144, 146, 147, 149, 151, 152, 153, 154, 156, 158, 167, 168, 169, 171, 172, 174, 185, 186, 188, 189, 191, 200, 201, 202], "summary": {"covered_lines": 58, "num_statements": 62, "percent_covered": 93.54838709677419, "percent_covered_display": "94", "missing_lines": 4, "excluded_lines": 0, "percent_statements_covered": 93.54838709677419, "percent_statements_covered_display": "94"}, "missing_lines": [216, 217, 218, 220], "excluded_lines": [], "start_line": 12}, "": {"executed_lines": [3, 4, 5, 6, 7, 8, 9, 12, 15, 33, 37, 41, 55, 59, 63, 67, 71, 87, 106, 118, 134, 160, 176, 193, 204, 205], "summary": {"covered_lines": 26, "num_statements": 26, "percent_covered": 100.0, "percent_covered_display": "100", "missing_lines": 0, "excluded_lines": 0, "percent_statements_covered": 100.0, "percent_statements_covered_display": "100"}, "missing_lines": [], "excluded_lines": [], "start_line": 1}}}, "src\\adp_cli\\cli.py": {"executed_lines": [3, 4, 5, 6, 8, 9, 11, 17, 20, 21, 22, 23, 30, 33, 35, 36, 37, 38, 39, 40, 42, 45, 48, 51, 52, 53, 54, 55, 56, 58, 60, 61, 62, 63, 65, 66, 69, 71, 72, 73, 75, 77, 78, 80, 82, 83, 86, 87, 89, 94, 95, 96, 99, 100, 101, 102, 105, 107, 108, 109, 110, 113, 114, 115, 116, 117, 118, 119, 124, 127, 128, 129, 130, 133, 134, 139, 140, 144, 147, 148, 151, 152, 153, 154, 158, 159, 160, 162, 164, 165, 166, 168, 169, 170, 172, 175, 176, 180, 181, 183, 186, 188, 191, 192, 196, 197, 198, 199, 201, 206, 207, 211, 213, 214, 217, 218, 219, 220, 221, 222, 223, 224, 225, 237, 240, 241, 242, 243, 244, 245, 246, 247, 248, 260, 265, 266, 270, 272, 273, 276, 277, 278, 279, 280, 281, 282, 283, 284, 296, 299, 300, 301, 302, 303, 304, 305, 306, 307, 319, 322, 323, 324, 325, 326, 327, 353, 358, 359, 360, 361, 362, 363, 390, 395, 396, 400, 402, 403, 406, 407, 408, 409, 457, 462, 476, 477, 478, 479, 482, 483, 484, 485, 486, 491, 494, 497, 499, 502, 503, 509, 521, 522, 523, 524, 525, 526, 532, 544, 545, 546, 547, 550, 551, 552, 553, 554, 564, 565, 568, 579, 580, 581, 584, 585, 586, 589, 590, 591, 594, 595, 599, 601, 602, 605, 606, 607, 608, 609, 610, 611, 612, 613, 614, 660, 663, 664, 665, 666, 667, 668, 698, 701, 702, 703, 704, 705, 745, 748, 749, 750, 751, 752, 779, 782, 783, 784, 785, 786, 787, 814, 817, 818, 819, 820, 821, 822, 823, 854, 859, 860, 861, 865, 866, 868, 873, 908, 924, 980, 1110, 1123, 1255], "summary": {"covered_lines": 291, "num_statements": 679, "percent_covered": 42.857142857142854, "percent_covered_display": "43", "missing_lines": 388, "excluded_lines": 0, "percent_statements_covered": 42.857142857142854, "percent_statements_covered_display": "43"}, "missing_lines": [24, 26, 41, 68, 90, 91, 97, 184, 229, 230, 231, 232, 233, 234, 235, 252, 253, 254, 255, 256, 257, 258, 288, 289, 290, 291, 292, 293, 294, 311, 312, 313, 314, 315, 316, 317, 331, 332, 333, 335, 337, 342, 345, 346, 347, 349, 350, 351, 367, 368, 369, 371, 373, 378, 381, 382, 383, 386, 387, 388, 413, 414, 415, 417, 420, 421, 422, 423, 424, 426, 427, 428, 429, 431, 432, 433, 434, 435, 436, 438, 439, 440, 445, 451, 453, 454, 455, 487, 488, 489, 504, 505, 506, 528, 529, 556, 557, 558, 560, 619, 621, 624, 625, 626, 630, 631, 632, 633, 635, 637, 639, 648, 649, 652, 653, 654, 656, 657, 658, 672, 673, 674, 675, 676, 678, 680, 682, 684, 685, 687, 688, 690, 691, 692, 694, 695, 696, 709, 710, 711, 712, 713, 715, 717, 719, 721, 722, 723, 724, 725, 727, 728, 729, 735, 737, 738, 739, 741, 742, 743, 756, 757, 758, 759, 760, 762, 764, 766, 768, 769, 771, 772, 773, 775, 776, 777, 791, 792, 793, 794, 795, 797, 799, 801, 803, 804, 806, 807, 808, 810, 811, 812, 827, 828, 829, 830, 832, 833, 834, 835, 837, 839, 841, 843, 844, 846, 847, 848, 850, 851, 852, 888, 889, 892, 893, 894, 895, 896, 897, 898, 899, 901, 902, 903, 905, 918, 919, 920, 921, 939, 940, 942, 943, 945, 946, 947, 948, 950, 953, 956, 957, 958, 959, 960, 961, 963, 964, 965, 967, 968, 969, 970, 971, 972, 974, 975, 977, 1001, 1003, 1004, 1005, 1008, 1010, 1011, 1012, 1015, 1017, 1018, 1019, 1020, 1022, 1023, 1024, 1026, 1028, 1030, 1031, 1032, 1033, 1035, 1040, 1042, 1043, 1044, 1045, 1046, 1048, 1053, 1055, 1056, 1057, 1058, 1059, 1062, 1063, 1065, 1066, 1067, 1069, 1070, 1071, 1073, 1076, 1078, 1080, 1086, 1087, 1088, 1089, 1090, 1092, 1093, 1095, 1096, 1099, 1102, 1104, 1105, 1106, 1107, 1120, 1144, 1145, 1148, 1149, 1151, 1153, 1154, 1155, 1156, 1157, 1159, 1160, 1161, 1163, 1166, 1167, 1168, 1170, 1171, 1173, 1175, 1176, 1177, 1178, 1180, 1185, 1187, 1188, 1189, 1190, 1191, 1193, 1198, 1200, 1201, 1202, 1203, 1204, 1207, 1208, 1209, 1211, 1212, 1213, 1214, 1215, 1216, 1218, 1221, 1223, 1225, 1231, 1232, 1233, 1234, 1235, 1237, 1238, 1240, 1241, 1244, 1247, 1249, 1250, 1251, 1252, 1256], "excluded_lines": [], "functions": {"check_config": {"executed_lines": [35, 36, 42], "summary": {"covered_lines": 3, "num_statements": 3, "percent_covered": 100.0, "percent_covered_display": "100", "missing_lines": 0, "excluded_lines": 0, "percent_statements_covered": 100.0, "percent_statements_covered_display": "100"}, "missing_lines": [], "excluded_lines": [], "start_line": 33}, "check_config.wrapper": {"executed_lines": [37, 38, 39, 40], "summary": {"covered_lines": 4, "num_statements": 5, "percent_covered": 80.0, "percent_covered_display": "80", "missing_lines": 1, "excluded_lines": 0, "percent_statements_covered": 80.0, "percent_statements_covered_display": "80"}, "missing_lines": [41], "excluded_lines": [], "start_line": 36}, "CLI.format_help": {"executed_lines": [51, 52, 53, 54, 55, 56], "summary": {"covered_lines": 6, "num_statements": 6, "percent_covered": 100.0, "percent_covered_display": "100", "missing_lines": 0, "excluded_lines": 0, "percent_statements_covered": 100.0, "percent_statements_covered_display": "100"}, "missing_lines": [], "excluded_lines": [], "start_line": 48}, "CLI.format_commands": {"executed_lines": [60, 61, 62, 63, 65, 66, 69, 71, 72, 73], "summary": {"covered_lines": 10, "num_statements": 11, "percent_covered": 90.9090909090909, "percent_covered_display": "91", "missing_lines": 1, "excluded_lines": 0, "percent_statements_covered": 90.9090909090909, "percent_statements_covered_display": "91"}, "missing_lines": [68], "excluded_lines": [], "start_line": 58}, "CLI.get_command": {"executed_lines": [77, 78, 80, 82, 83, 86, 87, 89, 94, 95, 96, 99, 100, 101, 102], "summary": {"covered_lines": 15, "num_statements": 18, "percent_covered": 83.33333333333333, "percent_covered_display": "83", "missing_lines": 3, "excluded_lines": 0, "percent_statements_covered": 83.33333333333333, "percent_statements_covered_display": "83"}, "missing_lines": [90, 91, 97], "excluded_lines": [], "start_line": 75}, "lang_callback": {"executed_lines": [107, 108, 109, 110], "summary": {"covered_lines": 4, "num_statements": 4, "percent_covered": 100.0, "percent_covered_display": "100", "missing_lines": 0, "excluded_lines": 0, "percent_statements_covered": 100.0, "percent_statements_covered_display": "100"}, "missing_lines": [], "excluded_lines": [], "start_line": 105}, "cli": {"executed_lines": [124, 127, 128, 129, 130, 133, 134], "summary": {"covered_lines": 7, "num_statements": 7, "percent_covered": 100.0, "percent_covered_display": "100", "missing_lines": 0, "excluded_lines": 0, "percent_statements_covered": 100.0, "percent_statements_covered_display": "100"}, "missing_lines": [], "excluded_lines": [], "start_line": 119}, "config": {"executed_lines": [144], "summary": {"covered_lines": 1, "num_statements": 1, "percent_covered": 100.0, "percent_covered_display": "100", "missing_lines": 0, "excluded_lines": 0, "percent_statements_covered": 100.0, "percent_statements_covered_display": "100"}, "missing_lines": [], "excluded_lines": [], "start_line": 140}, "set": {"executed_lines": [158, 159, 160, 162, 164, 165, 166, 168, 169, 170], "summary": {"covered_lines": 10, "num_statements": 10, "percent_covered": 100.0, "percent_covered_display": "100", "missing_lines": 0, "excluded_lines": 0, "percent_statements_covered": 100.0, "percent_statements_covered_display": "100"}, "missing_lines": [], "excluded_lines": [], "start_line": 154}, "get": {"executed_lines": [180, 181, 183, 186], "summary": {"covered_lines": 4, "num_statements": 5, "percent_covered": 80.0, "percent_covered_display": "80", "missing_lines": 1, "excluded_lines": 0, "percent_statements_covered": 80.0, "percent_statements_covered_display": "80"}, "missing_lines": [184], "excluded_lines": [], "start_line": 176}, "clear": {"executed_lines": [196, 197, 198, 199], "summary": {"covered_lines": 4, "num_statements": 4, "percent_covered": 100.0, "percent_covered_display": "100", "missing_lines": 0, "excluded_lines": 0, "percent_statements_covered": 100.0, "percent_statements_covered_display": "100"}, "missing_lines": [], "excluded_lines": [], "start_line": 192}, "parse": {"executed_lines": [211], "summary": {"covered_lines": 1, "num_statements": 1, "percent_covered": 100.0, "percent_covered_display": "100", "missing_lines": 0, "excluded_lines": 0, "percent_statements_covered": 100.0, "percent_statements_covered_display": "100"}, "missing_lines": [], "excluded_lines": [], "start_line": 207}, "local": {"executed_lines": [], "summary": {"covered_lines": 0, "num_statements": 7, "percent_covered": 0.0, "percent_covered_display": "0", "missing_lines": 7, "excluded_lines": 0, "percent_statements_covered": 0.0, "percent_statements_covered_display": "0"}, "missing_lines": [288, 289, 290, 291, 292, 293, 294], "excluded_lines": [], "start_line": 284}, "url": {"executed_lines": [], "summary": {"covered_lines": 0, "num_statements": 7, "percent_covered": 0.0, "percent_covered_display": "0", "missing_lines": 7, "excluded_lines": 0, "percent_statements_covered": 0.0, "percent_statements_covered_display": "0"}, "missing_lines": [311, 312, 313, 314, 315, 316, 317], "excluded_lines": [], "start_line": 307}, "extract": {"executed_lines": [270], "summary": {"covered_lines": 1, "num_statements": 1, "percent_covered": 100.0, "percent_covered_display": "100", "missing_lines": 0, "excluded_lines": 0, "percent_statements_covered": 100.0, "percent_statements_covered_display": "100"}, "missing_lines": [], "excluded_lines": [], "start_line": 266}, "extract_query": {"executed_lines": [], "summary": {"covered_lines": 0, "num_statements": 12, "percent_covered": 0.0, "percent_covered_display": "0", "missing_lines": 12, "excluded_lines": 0, "percent_statements_covered": 0.0, "percent_statements_covered_display": "0"}, "missing_lines": [331, 332, 333, 335, 337, 342, 345, 346, 347, 349, 350, 351], "excluded_lines": [], "start_line": 327}, "parse_query": {"executed_lines": [], "summary": {"covered_lines": 0, "num_statements": 12, "percent_covered": 0.0, "percent_covered_display": "0", "missing_lines": 12, "excluded_lines": 0, "percent_statements_covered": 0.0, "percent_statements_covered_display": "0"}, "missing_lines": [367, 368, 369, 371, 373, 378, 381, 382, 383, 386, 387, 388], "excluded_lines": [], "start_line": 363}, "app_id": {"executed_lines": [400], "summary": {"covered_lines": 1, "num_statements": 1, "percent_covered": 100.0, "percent_covered_display": "100", "missing_lines": 0, "excluded_lines": 0, "percent_statements_covered": 100.0, "percent_statements_covered_display": "100"}, "missing_lines": [], "excluded_lines": [], "start_line": 396}, "list_apps": {"executed_lines": [], "summary": {"covered_lines": 0, "num_statements": 27, "percent_covered": 0.0, "percent_covered_display": "0", "missing_lines": 27, "excluded_lines": 0, "percent_statements_covered": 0.0, "percent_statements_covered_display": "0"}, "missing_lines": [413, 414, 415, 417, 420, 421, 422, 423, 424, 426, 427, 428, 429, 431, 432, 433, 434, 435, 436, 438, 439, 440, 445, 451, 453, 454, 455], "excluded_lines": [], "start_line": 409}, "_parse_json_param_value": {"executed_lines": [476, 477, 478, 479, 482, 483, 484, 485, 486, 491, 494, 497, 499, 502, 503], "summary": {"covered_lines": 15, "num_statements": 21, "percent_covered": 71.42857142857143, "percent_covered_display": "71", "missing_lines": 6, "excluded_lines": 0, "percent_statements_covered": 71.42857142857143, "percent_statements_covered_display": "71"}, "missing_lines": [487, 488, 489, 504, 505, 506], "excluded_lines": [], "start_line": 462}, "parse_bool_param": {"executed_lines": [521, 522, 523, 524, 525, 526], "summary": {"covered_lines": 6, "num_statements": 8, "percent_covered": 75.0, "percent_covered_display": "75", "missing_lines": 2, "excluded_lines": 0, "percent_statements_covered": 75.0, "percent_statements_covered_display": "75"}, "missing_lines": [528, 529], "excluded_lines": [], "start_line": 509}, "parse_json_list_param": {"executed_lines": [544, 545, 546, 547, 550, 551, 552, 553, 554, 564, 565], "summary": {"covered_lines": 11, "num_statements": 15, "percent_covered": 73.33333333333333, "percent_covered_display": "73", "missing_lines": 4, "excluded_lines": 0, "percent_statements_covered": 73.33333333333333, "percent_statements_covered_display": "73"}, "missing_lines": [556, 557, 558, 560], "excluded_lines": [], "start_line": 532}, "validate_create_app_params": {"executed_lines": [579, 580, 581, 584, 585, 586, 589, 590, 591], "summary": {"covered_lines": 9, "num_statements": 9, "percent_covered": 100.0, "percent_covered_display": "100", "missing_lines": 0, "excluded_lines": 0, "percent_statements_covered": 100.0, "percent_statements_covered_display": "100"}, "missing_lines": [], "excluded_lines": [], "start_line": 568}, "custom_app": {"executed_lines": [599], "summary": {"covered_lines": 1, "num_statements": 1, "percent_covered": 100.0, "percent_covered_display": "100", "missing_lines": 0, "excluded_lines": 0, "percent_statements_covered": 100.0, "percent_statements_covered_display": "100"}, "missing_lines": [], "excluded_lines": [], "start_line": 595}, "create": {"executed_lines": [], "summary": {"covered_lines": 0, "num_statements": 20, "percent_covered": 0.0, "percent_covered_display": "0", "missing_lines": 20, "excluded_lines": 0, "percent_statements_covered": 0.0, "percent_statements_covered_display": "0"}, "missing_lines": [619, 621, 624, 625, 626, 630, 631, 632, 633, 635, 637, 639, 648, 649, 652, 653, 654, 656, 657, 658], "excluded_lines": [], "start_line": 614}, "get_config": {"executed_lines": [], "summary": {"covered_lines": 0, "num_statements": 18, "percent_covered": 0.0, "percent_covered_display": "0", "missing_lines": 18, "excluded_lines": 0, "percent_statements_covered": 0.0, "percent_statements_covered_display": "0"}, "missing_lines": [672, 673, 674, 675, 676, 678, 680, 682, 684, 685, 687, 688, 690, 691, 692, 694, 695, 696], "excluded_lines": [], "start_line": 668}, "list_versions": {"executed_lines": [], "summary": {"covered_lines": 0, "num_statements": 23, "percent_covered": 0.0, "percent_covered_display": "0", "missing_lines": 23, "excluded_lines": 0, "percent_statements_covered": 0.0, "percent_statements_covered_display": "0"}, "missing_lines": [709, 710, 711, 712, 713, 715, 717, 719, 721, 722, 723, 724, 725, 727, 728, 729, 735, 737, 738, 739, 741, 742, 743], "excluded_lines": [], "start_line": 705}, "delete": {"executed_lines": [], "summary": {"covered_lines": 0, "num_statements": 16, "percent_covered": 0.0, "percent_covered_display": "0", "missing_lines": 16, "excluded_lines": 0, "percent_statements_covered": 0.0, "percent_statements_covered_display": "0"}, "missing_lines": [756, 757, 758, 759, 760, 762, 764, 766, 768, 769, 771, 772, 773, 775, 776, 777], "excluded_lines": [], "start_line": 752}, "delete_version": {"executed_lines": [], "summary": {"covered_lines": 0, "num_statements": 16, "percent_covered": 0.0, "percent_covered_display": "0", "missing_lines": 16, "excluded_lines": 0, "percent_statements_covered": 0.0, "percent_statements_covered_display": "0"}, "missing_lines": [791, 792, 793, 794, 795, 797, 799, 801, 803, 804, 806, 807, 808, 810, 811, 812], "excluded_lines": [], "start_line": 787}, "ai_generate": {"executed_lines": [], "summary": {"covered_lines": 0, "num_statements": 19, "percent_covered": 0.0, "percent_covered_display": "0", "missing_lines": 19, "excluded_lines": 0, "percent_statements_covered": 0.0, "percent_statements_covered_display": "0"}, "missing_lines": [827, 828, 829, 830, 832, 833, 834, 835, 837, 839, 841, 843, 844, 846, 847, 848, 850, 851, 852], "excluded_lines": [], "start_line": 823}, "help": {"executed_lines": [865, 866], "summary": {"covered_lines": 2, "num_statements": 2, "percent_covered": 100.0, "percent_covered_display": "100", "missing_lines": 0, "excluded_lines": 0, "percent_statements_covered": 100.0, "percent_statements_covered_display": "100"}, "missing_lines": [], "excluded_lines": [], "start_line": 861}, "_validate_concurrency": {"executed_lines": [], "summary": {"covered_lines": 0, "num_statements": 14, "percent_covered": 0.0, "percent_covered_display": "0", "missing_lines": 14, "excluded_lines": 0, "percent_statements_covered": 0.0, "percent_statements_covered_display": "0"}, "missing_lines": [888, 889, 892, 893, 894, 895, 896, 897, 898, 899, 901, 902, 903, 905], "excluded_lines": [], "start_line": 873}, "_sort_and_clean_results": {"executed_lines": [], "summary": {"covered_lines": 0, "num_statements": 4, "percent_covered": 0.0, "percent_covered_display": "0", "missing_lines": 4, "excluded_lines": 0, "percent_statements_covered": 0.0, "percent_statements_covered_display": "0"}, "missing_lines": [918, 919, 920, 921], "excluded_lines": [], "start_line": 908}, "_process_items_concurrently": {"executed_lines": [], "summary": {"covered_lines": 0, "num_statements": 28, "percent_covered": 0.0, "percent_covered_display": "0", "missing_lines": 28, "excluded_lines": 0, "percent_statements_covered": 0.0, "percent_statements_covered_display": "0"}, "missing_lines": [939, 940, 942, 943, 945, 946, 947, 948, 950, 953, 956, 957, 958, 959, 960, 961, 963, 964, 965, 967, 968, 969, 970, 971, 972, 974, 975, 977], "excluded_lines": [], "start_line": 924}, "_process_local_files": {"executed_lines": [], "summary": {"covered_lines": 0, "num_statements": 38, "percent_covered": 0.0, "percent_covered_display": "0", "missing_lines": 38, "excluded_lines": 0, "percent_statements_covered": 0.0, "percent_statements_covered_display": "0"}, "missing_lines": [1001, 1003, 1004, 1005, 1008, 1010, 1011, 1012, 1015, 1017, 1018, 1019, 1020, 1022, 1023, 1024, 1026, 1028, 1062, 1065, 1076, 1078, 1080, 1086, 1087, 1088, 1089, 1090, 1092, 1093, 1095, 1096, 1099, 1102, 1104, 1105, 1106, 1107], "excluded_lines": [], "start_line": 980}, "_process_local_files.process_file": {"executed_lines": [], "summary": {"covered_lines": 0, "num_statements": 18, "percent_covered": 0.0, "percent_covered_display": "0", "missing_lines": 18, "excluded_lines": 0, "percent_statements_covered": 0.0, "percent_statements_covered_display": "0"}, "missing_lines": [1030, 1031, 1032, 1033, 1035, 1040, 1042, 1043, 1044, 1045, 1046, 1048, 1053, 1055, 1056, 1057, 1058, 1059], "excluded_lines": [], "start_line": 1028}, "_process_local_files.display_file_submit": {"executed_lines": [], "summary": {"covered_lines": 0, "num_statements": 1, "percent_covered": 0.0, "percent_covered_display": "0", "missing_lines": 1, "excluded_lines": 0, "percent_statements_covered": 0.0, "percent_statements_covered_display": "0"}, "missing_lines": [1063], "excluded_lines": [], "start_line": 1062}, "_process_local_files.display_file_result": {"executed_lines": [], "summary": {"covered_lines": 0, "num_statements": 6, "percent_covered": 0.0, "percent_covered_display": "0", "missing_lines": 6, "excluded_lines": 0, "percent_statements_covered": 0.0, "percent_statements_covered_display": "0"}, "missing_lines": [1066, 1067, 1069, 1070, 1071, 1073], "excluded_lines": [], "start_line": 1065}, "_is_valid_url": {"executed_lines": [], "summary": {"covered_lines": 0, "num_statements": 1, "percent_covered": 0.0, "percent_covered_display": "0", "missing_lines": 1, "excluded_lines": 0, "percent_statements_covered": 0.0, "percent_statements_covered_display": "0"}, "missing_lines": [1120], "excluded_lines": [], "start_line": 1110}, "_process_url_file": {"executed_lines": [], "summary": {"covered_lines": 0, "num_statements": 40, "percent_covered": 0.0, "percent_covered_display": "0", "missing_lines": 40, "excluded_lines": 0, "percent_statements_covered": 0.0, "percent_statements_covered_display": "0"}, "missing_lines": [1144, 1145, 1148, 1149, 1151, 1153, 1154, 1155, 1156, 1157, 1159, 1160, 1161, 1163, 1166, 1167, 1168, 1170, 1171, 1173, 1207, 1211, 1221, 1223, 1225, 1231, 1232, 1233, 1234, 1235, 1237, 1238, 1240, 1241, 1244, 1247, 1249, 1250, 1251, 1252], "excluded_lines": [], "start_line": 1123}, "_process_url_file.process_url": {"executed_lines": [], "summary": {"covered_lines": 0, "num_statements": 18, "percent_covered": 0.0, "percent_covered_display": "0", "missing_lines": 18, "excluded_lines": 0, "percent_statements_covered": 0.0, "percent_statements_covered_display": "0"}, "missing_lines": [1175, 1176, 1177, 1178, 1180, 1185, 1187, 1188, 1189, 1190, 1191, 1193, 1198, 1200, 1201, 1202, 1203, 1204], "excluded_lines": [], "start_line": 1173}, "_process_url_file.display_url_submit": {"executed_lines": [], "summary": {"covered_lines": 0, "num_statements": 2, "percent_covered": 0.0, "percent_covered_display": "0", "missing_lines": 2, "excluded_lines": 0, "percent_statements_covered": 0.0, "percent_statements_covered_display": "0"}, "missing_lines": [1208, 1209], "excluded_lines": [], "start_line": 1207}, "_process_url_file.display_url_result": {"executed_lines": [], "summary": {"covered_lines": 0, "num_statements": 6, "percent_covered": 0.0, "percent_covered_display": "0", "missing_lines": 6, "excluded_lines": 0, "percent_statements_covered": 0.0, "percent_statements_covered_display": "0"}, "missing_lines": [1212, 1213, 1214, 1215, 1216, 1218], "excluded_lines": [], "start_line": 1211}, "": {"executed_lines": [3, 4, 5, 6, 8, 9, 11, 17, 20, 21, 22, 23, 30, 33, 45, 48, 58, 75, 105, 113, 114, 115, 116, 117, 118, 119, 139, 140, 147, 148, 151, 152, 153, 154, 172, 175, 176, 188, 191, 192, 201, 206, 207, 213, 214, 217, 218, 219, 220, 221, 222, 223, 224, 225, 237, 240, 241, 242, 243, 244, 245, 246, 247, 248, 260, 265, 266, 272, 273, 276, 277, 278, 279, 280, 281, 282, 283, 284, 296, 299, 300, 301, 302, 303, 304, 305, 306, 307, 319, 322, 323, 324, 325, 326, 327, 353, 358, 359, 360, 361, 362, 363, 390, 395, 396, 402, 403, 406, 407, 408, 409, 457, 462, 509, 532, 568, 594, 595, 601, 602, 605, 606, 607, 608, 609, 610, 611, 612, 613, 614, 660, 663, 664, 665, 666, 667, 668, 698, 701, 702, 703, 704, 705, 745, 748, 749, 750, 751, 752, 779, 782, 783, 784, 785, 786, 787, 814, 817, 818, 819, 820, 821, 822, 823, 854, 859, 860, 861, 868, 873, 908, 924, 980, 1110, 1123, 1255], "summary": {"covered_lines": 176, "num_statements": 179, "percent_covered": 98.32402234636872, "percent_covered_display": "98", "missing_lines": 3, "excluded_lines": 0, "percent_statements_covered": 98.32402234636872, "percent_statements_covered_display": "98"}, "missing_lines": [24, 26, 1256], "excluded_lines": [], "start_line": 1}}, "classes": {"CLI": {"executed_lines": [51, 52, 53, 54, 55, 56, 60, 61, 62, 63, 65, 66, 69, 71, 72, 73, 77, 78, 80, 82, 83, 86, 87, 89, 94, 95, 96, 99, 100, 101, 102], "summary": {"covered_lines": 31, "num_statements": 35, "percent_covered": 88.57142857142857, "percent_covered_display": "89", "missing_lines": 4, "excluded_lines": 0, "percent_statements_covered": 88.57142857142857, "percent_statements_covered_display": "89"}, "missing_lines": [68, 90, 91, 97], "excluded_lines": [], "start_line": 45}, "": {"executed_lines": [3, 4, 5, 6, 8, 9, 11, 17, 20, 21, 22, 23, 30, 33, 35, 36, 37, 38, 39, 40, 42, 45, 48, 58, 75, 105, 107, 108, 109, 110, 113, 114, 115, 116, 117, 118, 119, 124, 127, 128, 129, 130, 133, 134, 139, 140, 144, 147, 148, 151, 152, 153, 154, 158, 159, 160, 162, 164, 165, 166, 168, 169, 170, 172, 175, 176, 180, 181, 183, 186, 188, 191, 192, 196, 197, 198, 199, 201, 206, 207, 211, 213, 214, 217, 218, 219, 220, 221, 222, 223, 224, 225, 237, 240, 241, 242, 243, 244, 245, 246, 247, 248, 260, 265, 266, 270, 272, 273, 276, 277, 278, 279, 280, 281, 282, 283, 284, 296, 299, 300, 301, 302, 303, 304, 305, 306, 307, 319, 322, 323, 324, 325, 326, 327, 353, 358, 359, 360, 361, 362, 363, 390, 395, 396, 400, 402, 403, 406, 407, 408, 409, 457, 462, 476, 477, 478, 479, 482, 483, 484, 485, 486, 491, 494, 497, 499, 502, 503, 509, 521, 522, 523, 524, 525, 526, 532, 544, 545, 546, 547, 550, 551, 552, 553, 554, 564, 565, 568, 579, 580, 581, 584, 585, 586, 589, 590, 591, 594, 595, 599, 601, 602, 605, 606, 607, 608, 609, 610, 611, 612, 613, 614, 660, 663, 664, 665, 666, 667, 668, 698, 701, 702, 703, 704, 705, 745, 748, 749, 750, 751, 752, 779, 782, 783, 784, 785, 786, 787, 814, 817, 818, 819, 820, 821, 822, 823, 854, 859, 860, 861, 865, 866, 868, 873, 908, 924, 980, 1110, 1123, 1255], "summary": {"covered_lines": 260, "num_statements": 644, "percent_covered": 40.37267080745342, "percent_covered_display": "40", "missing_lines": 384, "excluded_lines": 0, "percent_statements_covered": 40.37267080745342, "percent_statements_covered_display": "40"}, "missing_lines": [24, 26, 41, 184, 229, 230, 231, 232, 233, 234, 235, 252, 253, 254, 255, 256, 257, 258, 288, 289, 290, 291, 292, 293, 294, 311, 312, 313, 314, 315, 316, 317, 331, 332, 333, 335, 337, 342, 345, 346, 347, 349, 350, 351, 367, 368, 369, 371, 373, 378, 381, 382, 383, 386, 387, 388, 413, 414, 415, 417, 420, 421, 422, 423, 424, 426, 427, 428, 429, 431, 432, 433, 434, 435, 436, 438, 439, 440, 445, 451, 453, 454, 455, 487, 488, 489, 504, 505, 506, 528, 529, 556, 557, 558, 560, 619, 621, 624, 625, 626, 630, 631, 632, 633, 635, 637, 639, 648, 649, 652, 653, 654, 656, 657, 658, 672, 673, 674, 675, 676, 678, 680, 682, 684, 685, 687, 688, 690, 691, 692, 694, 695, 696, 709, 710, 711, 712, 713, 715, 717, 719, 721, 722, 723, 724, 725, 727, 728, 729, 735, 737, 738, 739, 741, 742, 743, 756, 757, 758, 759, 760, 762, 764, 766, 768, 769, 771, 772, 773, 775, 776, 777, 791, 792, 793, 794, 795, 797, 799, 801, 803, 804, 806, 807, 808, 810, 811, 812, 827, 828, 829, 830, 832, 833, 834, 835, 837, 839, 841, 843, 844, 846, 847, 848, 850, 851, 852, 888, 889, 892, 893, 894, 895, 896, 897, 898, 899, 901, 902, 903, 905, 918, 919, 920, 921, 939, 940, 942, 943, 945, 946, 947, 948, 950, 953, 956, 957, 958, 959, 960, 961, 963, 964, 965, 967, 968, 969, 970, 971, 972, 974, 975, 977, 1001, 1003, 1004, 1005, 1008, 1010, 1011, 1012, 1015, 1017, 1018, 1019, 1020, 1022, 1023, 1024, 1026, 1028, 1030, 1031, 1032, 1033, 1035, 1040, 1042, 1043, 1044, 1045, 1046, 1048, 1053, 1055, 1056, 1057, 1058, 1059, 1062, 1063, 1065, 1066, 1067, 1069, 1070, 1071, 1073, 1076, 1078, 1080, 1086, 1087, 1088, 1089, 1090, 1092, 1093, 1095, 1096, 1099, 1102, 1104, 1105, 1106, 1107, 1120, 1144, 1145, 1148, 1149, 1151, 1153, 1154, 1155, 1156, 1157, 1159, 1160, 1161, 1163, 1166, 1167, 1168, 1170, 1171, 1173, 1175, 1176, 1177, 1178, 1180, 1185, 1187, 1188, 1189, 1190, 1191, 1193, 1198, 1200, 1201, 1202, 1203, 1204, 1207, 1208, 1209, 1211, 1212, 1213, 1214, 1215, 1216, 1218, 1221, 1223, 1225, 1231, 1232, 1233, 1234, 1235, 1237, 1238, 1240, 1241, 1244, 1247, 1249, 1250, 1251, 1252, 1256], "excluded_lines": [], "start_line": 1}}}, "src\\adp_cli\\i18n.py": {"executed_lines": [3, 4, 5, 6, 10, 440, 443, 452, 455, 456, 457, 461, 464, 467, 468, 469, 472, 474, 477, 488, 489, 490, 491, 494, 497, 498, 500, 511, 514, 516, 519, 522], "summary": {"covered_lines": 32, "num_statements": 37, "percent_covered": 86.48648648648648, "percent_covered_display": "86", "missing_lines": 5, "excluded_lines": 0, "percent_statements_covered": 86.48648648648648, "percent_statements_covered_display": "86"}, "missing_lines": [503, 504, 505, 506, 507], "excluded_lines": [], "functions": {"get_system_language": {"executed_lines": [443, 452, 455, 456, 457], "summary": {"covered_lines": 5, "num_statements": 5, "percent_covered": 100.0, "percent_covered_display": "100", "missing_lines": 0, "excluded_lines": 0, "percent_statements_covered": 100.0, "percent_statements_covered_display": "100"}, "missing_lines": [], "excluded_lines": [], "start_line": 440}, "set_language": {"executed_lines": [467, 468, 469], "summary": {"covered_lines": 3, "num_statements": 3, "percent_covered": 100.0, "percent_covered_display": "100", "missing_lines": 0, "excluded_lines": 0, "percent_statements_covered": 100.0, "percent_statements_covered_display": "100"}, "missing_lines": [], "excluded_lines": [], "start_line": 464}, "get_language": {"executed_lines": [474], "summary": {"covered_lines": 1, "num_statements": 1, "percent_covered": 100.0, "percent_covered_display": "100", "missing_lines": 0, "excluded_lines": 0, "percent_statements_covered": 100.0, "percent_statements_covered_display": "100"}, "missing_lines": [], "excluded_lines": [], "start_line": 472}, "t": {"executed_lines": [488, 489, 490, 491], "summary": {"covered_lines": 4, "num_statements": 4, "percent_covered": 100.0, "percent_covered_display": "100", "missing_lines": 0, "excluded_lines": 0, "percent_statements_covered": 100.0, "percent_statements_covered_display": "100"}, "missing_lines": [], "excluded_lines": [], "start_line": 477}, "I18nHelpFormatter.__init__": {"executed_lines": [498], "summary": {"covered_lines": 1, "num_statements": 1, "percent_covered": 100.0, "percent_covered_display": "100", "missing_lines": 0, "excluded_lines": 0, "percent_statements_covered": 100.0, "percent_statements_covered_display": "100"}, "missing_lines": [], "excluded_lines": [], "start_line": 497}, "I18nHelpFormatter.write": {"executed_lines": [], "summary": {"covered_lines": 0, "num_statements": 5, "percent_covered": 0.0, "percent_covered_display": "0", "missing_lines": 5, "excluded_lines": 0, "percent_statements_covered": 0.0, "percent_statements_covered_display": "0"}, "missing_lines": [503, 504, 505, 506, 507], "excluded_lines": [], "start_line": 500}, "get_help_formatter": {"executed_lines": [516], "summary": {"covered_lines": 1, "num_statements": 1, "percent_covered": 100.0, "percent_covered_display": "100", "missing_lines": 0, "excluded_lines": 0, "percent_statements_covered": 100.0, "percent_statements_covered_display": "100"}, "missing_lines": [], "excluded_lines": [], "start_line": 514}, "reset_help_formatter": {"executed_lines": [522], "summary": {"covered_lines": 1, "num_statements": 1, "percent_covered": 100.0, "percent_covered_display": "100", "missing_lines": 0, "excluded_lines": 0, "percent_statements_covered": 100.0, "percent_statements_covered_display": "100"}, "missing_lines": [], "excluded_lines": [], "start_line": 519}, "": {"executed_lines": [3, 4, 5, 6, 10, 440, 461, 464, 472, 477, 494, 497, 500, 511, 514, 519], "summary": {"covered_lines": 16, "num_statements": 16, "percent_covered": 100.0, "percent_covered_display": "100", "missing_lines": 0, "excluded_lines": 0, "percent_statements_covered": 100.0, "percent_statements_covered_display": "100"}, "missing_lines": [], "excluded_lines": [], "start_line": 1}}, "classes": {"I18nHelpFormatter": {"executed_lines": [498], "summary": {"covered_lines": 1, "num_statements": 6, "percent_covered": 16.666666666666668, "percent_covered_display": "17", "missing_lines": 5, "excluded_lines": 0, "percent_statements_covered": 16.666666666666668, "percent_statements_covered_display": "17"}, "missing_lines": [503, 504, 505, 506, 507], "excluded_lines": [], "start_line": 494}, "": {"executed_lines": [3, 4, 5, 6, 10, 440, 443, 452, 455, 456, 457, 461, 464, 467, 468, 469, 472, 474, 477, 488, 489, 490, 491, 494, 497, 500, 511, 514, 516, 519, 522], "summary": {"covered_lines": 31, "num_statements": 31, "percent_covered": 100.0, "percent_covered_display": "100", "missing_lines": 0, "excluded_lines": 0, "percent_statements_covered": 100.0, "percent_statements_covered_display": "100"}, "missing_lines": [], "excluded_lines": [], "start_line": 1}}}}, "totals": {"covered_lines": 745, "num_statements": 1173, "percent_covered": 63.51236146632566, "percent_covered_display": "64", "missing_lines": 428, "excluded_lines": 0, "percent_statements_covered": 63.51236146632566, "percent_statements_covered_display": "64"}}